生成启动时间为 2018/1/30 15:44:00。
     1>项目“C:\Users\first\Desktop\new\snort-2.9.11.1\src\win32\WIN32-Prj\sf_engine.vcxproj”在节点 2 上(Build 个目标)。
     1>ClCompile:
         C:\Program Files (x86)\Microsoft Visual Studio 12.0\VC\bin\CL.exe /c /I"..\..\dynamic-plugins" /I"..\..\dynamic-plugins\sf_engine" /I"..\Win32-Includes" /I"..\Win32-Includes\zlib" /I..\..\..\daq\api /I..\..\..\daq\sfbpf /Zi /nologo /W3 /WX- /O2 /Oy- /D MODULUS_HASH /D NDEBUG /D ENABLE_PAF /D SF_SNORT_ENGINE_DLL /D _WINDOWS /D _USRDLL /D ACTIVE_RESPONSE /D GRE /D MPLS /D TARGET_BASED /D PERF_PROFILING /D ENABLE_RESPOND /D ENABLE_REACT /D ZLIB /D WIN32 /D HAVE_CONFIG_H /D SIGNAL_SNORT_READ_ATTR_TBL=30 /D BYTE_ORDER=LITTLE_ENDIAN /D _VC80_UPGRADE=0x0600 /D _WINDLL /D _MBCS /D _AFXDLL /GF /Gm- /EHsc /MD /GS /Gy /fp:precise /Zc:wchar_t /Zc:forScope /Fo".\SF_Engine_Release\\" /Fd".\SF_Engine_Release\vc120.pdb" /FR".\SF_Engine_Release\\" /Gd /TC /analyze- /errorReport:prompt "..\..\dynamic-plugins\sf_engine\sf_snort_plugin_byte.c" "..\..\dynamic-plugins\sf_engine\sf_snort_plugin_content.c" "..\..\dynamic-plugins\sf_engine\sf_snort_plugin_hdropts.c" "..\..\dynamic-plugins\sf_engine\sf_snort_plugin_loop.c" "..\..\dynamic-plugins\sf_engine\sf_snort_plugin_pcre.c" "..\..\dynamic-plugins\sf_engine\sf_snort_plugin_rc4.c"
         sf_snort_plugin_byte.c
     1>..\..\dynamic-plugins\sf_engine\sf_snort_plugin_byte.c(130): warning C4996: 'strdup': The POSIX name for this item is deprecated. Instead, use the ISO C++ conformant name: _strdup. See online help for details.
                 C:\Program Files (x86)\Microsoft Visual Studio 12.0\VC\include\string.h(245) : 参见“strdup”的声明
         sf_snort_plugin_content.c
         sf_snort_plugin_hdropts.c
         sf_snort_plugin_loop.c
         sf_snort_plugin_pcre.c
         sf_snort_plugin_rc4.c
         正在生成代码...
         C:\Program Files (x86)\Microsoft Visual Studio 12.0\VC\bin\CL.exe /c /I"..\..\dynamic-plugins" /I"..\..\dynamic-plugins\sf_engine" /I"..\Win32-Includes" /I"..\Win32-Includes\zlib" /I..\..\..\daq\api /I..\..\..\daq\sfbpf /Zi /nologo /W3 /WX- /O2 /Oy- /D NDEBUG /D ENABLE_PAF /D SF_SNORT_ENGINE_DLL /D _WINDOWS /D _USRDLL /D ACTIVE_RESPONSE /D GRE /D MPLS /D TARGET_BASED /D PERF_PROFILING /D ENABLE_RESPOND /D ENABLE_REACT /D ZLIB /D WIN32 /D HAVE_CONFIG_H /D SIGNAL_SNORT_READ_ATTR_TBL=30 /D BYTE_ORDER=LITTLE_ENDIAN /D _VC80_UPGRADE=0x0600 /D _WINDLL /D _MBCS /D _AFXDLL /GF /Gm- /EHsc /MD /GS /Gy /fp:precise /Zc:wchar_t /Zc:forScope /Fo".\SF_Engine_Release\\" /Fd".\SF_Engine_Release\vc120.pdb" /FR".\SF_Engine_Release\\" /Gd /TC /analyze- /errorReport:prompt "..\..\dynamic-plugins\sf_engine\sf_sechash.c" "..\..\dynamic-plugins\sf_engine\sfhashfcn.c"
         sf_sechash.c
     1>..\..\dynamic-plugins\sf_engine\sf_sechash.c(90): warning C4996: 'stricmp': The POSIX name for this item is deprecated. Instead, use the ISO C++ conformant name: _stricmp. See online help for details.
                 C:\Program Files (x86)\Microsoft Visual Studio 12.0\VC\include\string.h(253) : 参见“stricmp”的声明
         sfhashfcn.c
         正在生成代码...
         C:\Program Files (x86)\Microsoft Visual Studio 12.0\VC\bin\CL.exe /c /I..\..\.. /I"..\Win32-Includes\mysql" /I"..\Win32-Includes\libnet" /I"..\..\output-plugins" /I"..\..\detection-plugins" /I..\..\preprocessors /I..\..\preprocessors\flow /I..\..\preprocessors\portscan /I"..\..\preprocessors\flow\int-snort" /I..\..\preprocessors\HttpInspect\Include /I"..\..\dynamic-plugins" /I"..\..\dynamic-plugins\sf_engine" /I"..\Win32-Includes" /I"..\Win32-Includes\zlib" /I..\..\..\daq\api /I..\..\..\daq\sfbpf /Zi /nologo /W3 /WX- /O2 /Oy- /D MODULUS_HASH /D NDEBUG /D ENABLE_PAF /D SF_SNORT_ENGINE_DLL /D _WINDOWS /D _USRDLL /D ACTIVE_RESPONSE /D GRE /D MPLS /D TARGET_BASED /D PERF_PROFILING /D ENABLE_RESPOND /D ENABLE_REACT /D ZLIB /D WIN32 /D HAVE_CONFIG_H /D SIGNAL_SNORT_READ_ATTR_TBL=30 /D BYTE_ORDER=LITTLE_ENDIAN /D _VC80_UPGRADE=0x0600 /D _WINDLL /D _MBCS /D _AFXDLL /GF /Gm- /EHsc /MD /GS /Gy /fp:precise /Zc:wchar_t /Zc:forScope /Fo".\SF_Engine_Release\\" /Fd".\SF_Engine_Release\vc120.pdb" /FR".\SF_Engine_Release\\" /Gd /TC /analyze- /errorReport:prompt "..\..\dynamic-plugins\sf_engine\sf_snort_detection_engine.c" "..\..\dynamic-plugins\sf_engine\sf_snort_plugin_api.c"
         sf_snort_detection_engine.c
     1>..\..\dynamic-plugins\sf_engine\sf_snort_detection_engine.c(75): warning C4996: 'vsnprintf': This function or variable may be unsafe. Consider using vsnprintf_s instead. To disable deprecation, use _CRT_SECURE_NO_WARNINGS. See online help for details.
                 C:\Program Files (x86)\Microsoft Visual Studio 12.0\VC\include\stdio.h(337) : 参见“vsnprintf”的声明
     1>..\..\dynamic-plugins\sf_engine\sf_snort_detection_engine.c(103): warning C4996: 'strncpy': This function or variable may be unsafe. Consider using strncpy_s instead. To disable deprecation, use _CRT_SECURE_NO_WARNINGS. See online help for details.
                 C:\Program Files (x86)\Microsoft Visual Studio 12.0\VC\include\string.h(195) : 参见“strncpy”的声明
     1>..\..\dynamic-plugins\sf_engine\sf_snort_detection_engine.c(1341): warning C4996: '_snprintf': This function or variable may be unsafe. Consider using _snprintf_s instead. To disable deprecation, use _CRT_SECURE_NO_WARNINGS. See online help for details.
                 C:\Program Files (x86)\Microsoft Visual Studio 12.0\VC\include\stdio.h(346) : 参见“_snprintf”的声明
     1>..\..\dynamic-plugins\sf_engine\sf_snort_detection_engine.c(1343): warning C4996: 'fopen': This function or variable may be unsafe. Consider using fopen_s instead. To disable deprecation, use _CRT_SECURE_NO_WARNINGS. See online help for details.
                 C:\Program Files (x86)\Microsoft Visual Studio 12.0\VC\include\stdio.h(211) : 参见“fopen”的声明
         sf_snort_plugin_api.c
         正在生成代码...
       Link:
         C:\Program Files (x86)\Microsoft Visual Studio 12.0\VC\bin\link.exe /ERRORREPORT:PROMPT /OUT:".\SF_Engine_Release\sf_engine.dll" /INCREMENTAL:NO /NOLOGO /LIBPATH:"..\Win32-Libraries" zlib1.lib Ws2_32.lib pcre.lib /MANIFEST /MANIFESTUAC:"level='asInvoker' uiAccess='false'" /manifest:embed /manifestinput:"C:\Program Files (x86)\Microsoft Visual Studio 12.0\VC\Include\Manifest\dpiaware.manifest" /PDB:".\SF_Engine_Release\sf_engine.pdb" /SUBSYSTEM:CONSOLE /TLBID:1 /DYNAMICBASE /NXCOMPAT /IMPLIB:".\SF_Engine_Release\sf_engine.lib" /MACHINE:X86 /SAFESEH /DLL .\SF_Engine_Release\bmh.obj
         .\SF_Engine_Release\md5.obj
         .\SF_Engine_Release\sfghash.obj
         .\SF_Engine_Release\sfhashfcn.obj
         .\SF_Engine_Release\sfprimetable.obj
         .\SF_Engine_Release\sf_decompression.obj
         .\SF_Engine_Release\sf_sechash.obj
         .\SF_Engine_Release\sf_snort_detection_engine.obj
         .\SF_Engine_Release\sf_snort_plugin_api.obj
         .\SF_Engine_Release\sf_snort_plugin_byte.obj
         .\SF_Engine_Release\sf_snort_plugin_content.obj
         .\SF_Engine_Release\sf_snort_plugin_hdropts.obj
         .\SF_Engine_Release\sf_snort_plugin_loop.obj
         .\SF_Engine_Release\sf_snort_plugin_pcre.obj
         .\SF_Engine_Release\sf_snort_plugin_rc4.obj
         .\SF_Engine_Release\sha2.obj
            正在创建库 .\SF_Engine_Release\sf_engine.lib 和对象 .\SF_Engine_Release\sf_engine.exp
         sf_engine.vcxproj -> C:\Users\first\Desktop\new\snort-2.9.11.1\src\win32\WIN32-Prj\.\SF_Engine_Release\sf_engine.dll
       BscMake:
         C:\Program Files (x86)\Microsoft Visual Studio 12.0\VC\bin\bscmake.exe /nologo /o".\SF_Engine_Release\sf_engine.bsc" .\SF_Engine_Release\bmh.sbr .\SF_Engine_Release\md5.sbr .\SF_Engine_Release\sfghash.sbr .\SF_Engine_Release\sfhashfcn.sbr .\SF_Engine_Release\sfprimetable.sbr .\SF_Engine_Release\sf_decompression.sbr .\SF_Engine_Release\sf_sechash.sbr .\SF_Engine_Release\sf_snort_detection_engine.sbr .\SF_Engine_Release\sf_snort_plugin_api.sbr .\SF_Engine_Release\sf_snort_plugin_byte.sbr .\SF_Engine_Release\sf_snort_plugin_content.sbr .\SF_Engine_Release\sf_snort_plugin_hdropts.sbr .\SF_Engine_Release\sf_snort_plugin_loop.sbr .\SF_Engine_Release\sf_snort_plugin_pcre.sbr .\SF_Engine_Release\sf_snort_plugin_rc4.sbr .\SF_Engine_Release\sha2.sbr
     1>已完成生成项目“C:\Users\first\Desktop\new\snort-2.9.11.1\src\win32\WIN32-Prj\sf_engine.vcxproj”(Build 个目标)的操作。

生成成功。

已用时间 00:00:13.71
