生成启动时间为 2018/1/24 星期三 10:55:52。
     1>项目“F:\Learn\snort-2.9.11.1-2\snort-2.9.11.1\src\win32\WIN32-Prj\sf_engine_initialize.vcxproj”在节点 2 上(Build 个目标)。
     1>CustomBuild:
         Performing Custom Build Tools
         已复制         1 个文件。
         Performing Custom Build Tools
         已复制         1 个文件。
         Performing Custom Build Tools
         已复制         1 个文件。
         Performing Custom Build Tools
         已复制         1 个文件。
         Performing Custom Build Tools
         已复制         1 个文件。
         Performing Custom Build Tools
         已复制         1 个文件。
         Performing Custom Build Tools
         已复制         1 个文件。
         Performing Custom Build Tools
         已复制         1 个文件。
         Performing Custom Build Tools
         已复制         1 个文件。
         Performing Custom Build Tools
         已复制         1 个文件。
         Performing Custom Build Tools
         已复制         1 个文件。
         Performing Custom Build Tools
         已复制         1 个文件。
         Performing Custom Build Tools
         已复制         1 个文件。
         Performing Custom Build Tools
         已复制         1 个文件。
         Performing Custom Build Tools
         已复制         1 个文件。
         Performing Custom Build Tools
         已复制         1 个文件。
         Performing Custom Build Tools
         已复制         1 个文件。
         Performing Custom Build Tools
         已复制         1 个文件。
         Performing Custom Build Tools
         已复制         1 个文件。
     1>已完成生成项目“F:\Learn\snort-2.9.11.1-2\snort-2.9.11.1\src\win32\WIN32-Prj\sf_engine_initialize.vcxproj”(Build 个目标)的操作。

生成成功。

已用时间 00:00:01.36
