生成启动时间为 2018/1/30 15:44:25。
     1>项目“C:\Users\first\Desktop\new\snort-2.9.11.1\src\win32\WIN32-Prj\sf_engine_initialize.vcxproj”在节点 2 上(Build 个目标)。
     1>CustomBuild:
         Converting files by cygwin( Release or Win32)..FullPath:C:\Users\first\Desktop\new\snort-2.9.11.1\src\ipv6_port.h Filename:ipv6_port 
         已复制         1 个文件。
         Performing Custom Build Tools
         已复制         1 个文件。
         Performing Custom Build Tools
         已复制         1 个文件。
         Performing Custom Build Tools
         已复制         1 个文件。
         Performing Custom Build Tools
         已复制         1 个文件。
         Performing Custom Build Tools
         已复制         1 个文件。
         Performing Custom Build Tools
         已复制         1 个文件。
         Performing Custom Build Tools
         已复制         1 个文件。
         Performing Custom Build Tools
         已复制         1 个文件。
         Performing Custom Build Tools
         已复制         1 个文件。
         Performing Custom Build Tools
         已复制         1 个文件。
         Performing Custom Build Tools
         已复制         1 个文件。
         Performing Custom Build Tools
         已复制         1 个文件。
         Performing Custom Build Tools
         已复制         1 个文件。
         Performing Custom Build Tools
         已复制         1 个文件。
         Performing Custom Build Tools
         已复制         1 个文件。
         Performing Custom Build Tools
         已复制         1 个文件。
         Performing Custom Build Tools
         已复制         1 个文件。
     1>已完成生成项目“C:\Users\first\Desktop\new\snort-2.9.11.1\src\win32\WIN32-Prj\sf_engine_initialize.vcxproj”(Build 个目标)的操作。

生成成功。

已用时间 00:00:00.28
