生成启动时间为 2018/1/30 15:45:55。
     1>项目“C:\Users\first\Desktop\new\snort-2.9.11.1\src\dynamic-preprocessors\smtp\sf_smtp.vcxproj”在节点 2 上(Build 个目标)。
     1>ClCompile:
         C:\Program Files (x86)\Microsoft Visual Studio 12.0\VC\bin\CL.exe /c /I..\libs /I..\ssl_common /I..\include /I"..\..\win32\Win32-Includes" /I.\ /I"..\..\win32\Win32-Includes\WinPCAP" /I..\..\..\daq\api /I..\..\..\daq\sfbpf /Zi /nologo /W3 /WX- /O2 /Oy- /D NDEBUG /D SF_SNORT_PREPROC_DLL /D ENABLE_PAF /D _WINDOWS /D _USRDLL /D ACTIVE_RESPONSE /D GRE /D MPLS /D TARGET_BASED /D PERF_PROFILING /D ENABLE_RESPOND /D ENABLE_REACT /D WIN32 /D HAVE_CONFIG_H /D SIGNAL_SNORT_READ_ATTR_TBL=30 /D _VC80_UPGRADE=0x0600 /D _WINDLL /D _MBCS /D _AFXDLL /GF /Gm- /EHsc /MD /GS /Gy /fp:precise /Zc:wchar_t /Zc:forScope /Fo".\Release\\" /Fd".\Release\vc120.pdb" /Gd /TC /analyze- /errorReport:prompt ..\include\mempool.c ..\include\sfPolicyUserData.c ..\include\sf_dynamic_preproc_lib.c ..\include\sf_email_attach_decode.c ..\ssl_common\ssl.c ..\ssl_common\ssl_config.c ..\ssl_common\ssl_inspect.c smtp_config.c smtp_log.c smtp_normalize.c smtp_paf.c smtp_util.c smtp_xlink2state.c snort_smtp.c spp_smtp.c
         mempool.c
         sfPolicyUserData.c
         sf_dynamic_preproc_lib.c
     1>..\include\sf_dynamic_preproc_lib.c(49): warning C4996: 'vsnprintf': This function or variable may be unsafe. Consider using vsnprintf_s instead. To disable deprecation, use _CRT_SECURE_NO_WARNINGS. See online help for details.
                 C:\Program Files (x86)\Microsoft Visual Studio 12.0\VC\include\stdio.h(337) : 参见“vsnprintf”的声明
     1>..\include\sf_dynamic_preproc_lib.c(87): warning C4996: 'strncpy': This function or variable may be unsafe. Consider using strncpy_s instead. To disable deprecation, use _CRT_SECURE_NO_WARNINGS. See online help for details.
                 C:\Program Files (x86)\Microsoft Visual Studio 12.0\VC\include\string.h(195) : 参见“strncpy”的声明
         sf_email_attach_decode.c
     1>c:\users\first\desktop\new\snort-2.9.11.1\src\dynamic-preprocessors\include\snort_bounds.h(241): warning C4996: 'vsnprintf': This function or variable may be unsafe. Consider using vsnprintf_s instead. To disable deprecation, use _CRT_SECURE_NO_WARNINGS. See online help for details.
                 C:\Program Files (x86)\Microsoft Visual Studio 12.0\VC\include\stdio.h(337) : 参见“vsnprintf”的声明
         ssl.c
         ssl_config.c
     1>C:\Users\first\Desktop\new\snort-2.9.11.1\src\dynamic-preprocessors\include\snort_bounds.h(241): warning C4996: 'vsnprintf': This function or variable may be unsafe. Consider using vsnprintf_s instead. To disable deprecation, use _CRT_SECURE_NO_WARNINGS. See online help for details.
                 C:\Program Files (x86)\Microsoft Visual Studio 12.0\VC\include\stdio.h(337) : 参见“vsnprintf”的声明
     1>..\ssl_common\ssl_config.c(78): warning C4996: 'stricmp': The POSIX name for this item is deprecated. Instead, use the ISO C++ conformant name: _stricmp. See online help for details.
                 C:\Program Files (x86)\Microsoft Visual Studio 12.0\VC\include\string.h(253) : 参见“stricmp”的声明
     1>..\ssl_common\ssl_config.c(84): warning C4996: 'stricmp': The POSIX name for this item is deprecated. Instead, use the ISO C++ conformant name: _stricmp. See online help for details.
                 C:\Program Files (x86)\Microsoft Visual Studio 12.0\VC\include\string.h(253) : 参见“stricmp”的声明
     1>..\ssl_common\ssl_config.c(90): warning C4996: 'stricmp': The POSIX name for this item is deprecated. Instead, use the ISO C++ conformant name: _stricmp. See online help for details.
                 C:\Program Files (x86)\Microsoft Visual Studio 12.0\VC\include\string.h(253) : 参见“stricmp”的声明
     1>..\ssl_common\ssl_config.c(96): warning C4996: 'stricmp': The POSIX name for this item is deprecated. Instead, use the ISO C++ conformant name: _stricmp. See online help for details.
                 C:\Program Files (x86)\Microsoft Visual Studio 12.0\VC\include\string.h(253) : 参见“stricmp”的声明
     1>..\ssl_common\ssl_config.c(102): warning C4996: 'stricmp': The POSIX name for this item is deprecated. Instead, use the ISO C++ conformant name: _stricmp. See online help for details.
                 C:\Program Files (x86)\Microsoft Visual Studio 12.0\VC\include\string.h(253) : 参见“stricmp”的声明
     1>..\ssl_common\ssl_config.c(155): warning C4996: 'stricmp': The POSIX name for this item is deprecated. Instead, use the ISO C++ conformant name: _stricmp. See online help for details.
                 C:\Program Files (x86)\Microsoft Visual Studio 12.0\VC\include\string.h(253) : 参见“stricmp”的声明
     1>..\ssl_common\ssl_config.c(161): warning C4996: 'stricmp': The POSIX name for this item is deprecated. Instead, use the ISO C++ conformant name: _stricmp. See online help for details.
                 C:\Program Files (x86)\Microsoft Visual Studio 12.0\VC\include\string.h(253) : 参见“stricmp”的声明
     1>..\ssl_common\ssl_config.c(167): warning C4996: 'stricmp': The POSIX name for this item is deprecated. Instead, use the ISO C++ conformant name: _stricmp. See online help for details.
                 C:\Program Files (x86)\Microsoft Visual Studio 12.0\VC\include\string.h(253) : 参见“stricmp”的声明
     1>..\ssl_common\ssl_config.c(173): warning C4996: 'stricmp': The POSIX name for this item is deprecated. Instead, use the ISO C++ conformant name: _stricmp. See online help for details.
                 C:\Program Files (x86)\Microsoft Visual Studio 12.0\VC\include\string.h(253) : 参见“stricmp”的声明
     1>..\ssl_common\ssl_config.c(179): warning C4996: 'stricmp': The POSIX name for this item is deprecated. Instead, use the ISO C++ conformant name: _stricmp. See online help for details.
                 C:\Program Files (x86)\Microsoft Visual Studio 12.0\VC\include\string.h(253) : 参见“stricmp”的声明
     1>..\ssl_common\ssl_config.c(252): warning C4996: '_snprintf': This function or variable may be unsafe. Consider using _snprintf_s instead. To disable deprecation, use _CRT_SECURE_NO_WARNINGS. See online help for details.
                 C:\Program Files (x86)\Microsoft Visual Studio 12.0\VC\include\stdio.h(346) : 参见“_snprintf”的声明
     1>..\ssl_common\ssl_config.c(263): warning C4996: '_snprintf': This function or variable may be unsafe. Consider using _snprintf_s instead. To disable deprecation, use _CRT_SECURE_NO_WARNINGS. See online help for details.
                 C:\Program Files (x86)\Microsoft Visual Studio 12.0\VC\include\stdio.h(346) : 参见“_snprintf”的声明
     1>..\ssl_common\ssl_config.c(268): warning C4996: '_snprintf': This function or variable may be unsafe. Consider using _snprintf_s instead. To disable deprecation, use _CRT_SECURE_NO_WARNINGS. See online help for details.
                 C:\Program Files (x86)\Microsoft Visual Studio 12.0\VC\include\stdio.h(346) : 参见“_snprintf”的声明
     1>..\ssl_common\ssl_config.c(307): warning C4996: 'stricmp': The POSIX name for this item is deprecated. Instead, use the ISO C++ conformant name: _stricmp. See online help for details.
                 C:\Program Files (x86)\Microsoft Visual Studio 12.0\VC\include\string.h(253) : 参见“stricmp”的声明
     1>..\ssl_common\ssl_config.c(317): warning C4996: 'stricmp': The POSIX name for this item is deprecated. Instead, use the ISO C++ conformant name: _stricmp. See online help for details.
                 C:\Program Files (x86)\Microsoft Visual Studio 12.0\VC\include\string.h(253) : 参见“stricmp”的声明
     1>..\ssl_common\ssl_config.c(329): warning C4996: 'stricmp': The POSIX name for this item is deprecated. Instead, use the ISO C++ conformant name: _stricmp. See online help for details.
                 C:\Program Files (x86)\Microsoft Visual Studio 12.0\VC\include\string.h(253) : 参见“stricmp”的声明
     1>..\ssl_common\ssl_config.c(341): warning C4996: 'stricmp': The POSIX name for this item is deprecated. Instead, use the ISO C++ conformant name: _stricmp. See online help for details.
                 C:\Program Files (x86)\Microsoft Visual Studio 12.0\VC\include\string.h(253) : 参见“stricmp”的声明
     1>..\ssl_common\ssl_config.c(353): warning C4996: 'strdup': The POSIX name for this item is deprecated. Instead, use the ISO C++ conformant name: _strdup. See online help for details.
                 C:\Program Files (x86)\Microsoft Visual Studio 12.0\VC\include\string.h(245) : 参见“strdup”的声明
     1>..\ssl_common\ssl_config.c(360): warning C4996: 'stricmp': The POSIX name for this item is deprecated. Instead, use the ISO C++ conformant name: _stricmp. See online help for details.
                 C:\Program Files (x86)\Microsoft Visual Studio 12.0\VC\include\string.h(253) : 参见“stricmp”的声明
     1>..\ssl_common\ssl_config.c(372): warning C4996: 'strdup': The POSIX name for this item is deprecated. Instead, use the ISO C++ conformant name: _strdup. See online help for details.
                 C:\Program Files (x86)\Microsoft Visual Studio 12.0\VC\include\string.h(245) : 参见“strdup”的声明
     1>..\ssl_common\ssl_config.c(379): warning C4996: 'stricmp': The POSIX name for this item is deprecated. Instead, use the ISO C++ conformant name: _stricmp. See online help for details.
                 C:\Program Files (x86)\Microsoft Visual Studio 12.0\VC\include\string.h(253) : 参见“stricmp”的声明
     1>..\ssl_common\ssl_config.c(405): warning C4996: 'stricmp': The POSIX name for this item is deprecated. Instead, use the ISO C++ conformant name: _stricmp. See online help for details.
                 C:\Program Files (x86)\Microsoft Visual Studio 12.0\VC\include\string.h(253) : 参见“stricmp”的声明
     1>..\ssl_common\ssl_config.c(454): warning C4996: 'stricmp': The POSIX name for this item is deprecated. Instead, use the ISO C++ conformant name: _stricmp. See online help for details.
                 C:\Program Files (x86)\Microsoft Visual Studio 12.0\VC\include\string.h(253) : 参见“stricmp”的声明
         ssl_inspect.c
     1>C:\Users\first\Desktop\new\snort-2.9.11.1\src\dynamic-preprocessors\include\snort_bounds.h(241): warning C4996: 'vsnprintf': This function or variable may be unsafe. Consider using vsnprintf_s instead. To disable deprecation, use _CRT_SECURE_NO_WARNINGS. See online help for details.
                 C:\Program Files (x86)\Microsoft Visual Studio 12.0\VC\include\stdio.h(337) : 参见“vsnprintf”的声明
     1>..\ssl_common\ssl_inspect.c(705): warning C4244: “函数”: 从“uint64_t”转换到“u_int32_t”，可能丢失数据
         smtp_config.c
     1>c:\users\first\desktop\new\snort-2.9.11.1\src\dynamic-preprocessors\include\snort_bounds.h(241): warning C4996: 'vsnprintf': This function or variable may be unsafe. Consider using vsnprintf_s instead. To disable deprecation, use _CRT_SECURE_NO_WARNINGS. See online help for details.
                 C:\Program Files (x86)\Microsoft Visual Studio 12.0\VC\include\stdio.h(337) : 参见“vsnprintf”的声明
     1>smtp_config.c(119): warning C4996: 'strtok': This function or variable may be unsafe. Consider using strtok_s instead. To disable deprecation, use _CRT_SECURE_NO_WARNINGS. See online help for details.
                 C:\Program Files (x86)\Microsoft Visual Studio 12.0\VC\include\string.h(204) : 参见“strtok”的声明
     1>smtp_config.c(125): warning C4996: 'stricmp': The POSIX name for this item is deprecated. Instead, use the ISO C++ conformant name: _stricmp. See online help for details.
                 C:\Program Files (x86)\Microsoft Visual Studio 12.0\VC\include\string.h(253) : 参见“stricmp”的声明
     1>smtp_config.c(129): warning C4996: 'stricmp': The POSIX name for this item is deprecated. Instead, use the ISO C++ conformant name: _stricmp. See online help for details.
                 C:\Program Files (x86)\Microsoft Visual Studio 12.0\VC\include\string.h(253) : 参见“stricmp”的声明
     1>smtp_config.c(131): warning C4996: 'strtok': This function or variable may be unsafe. Consider using strtok_s instead. To disable deprecation, use _CRT_SECURE_NO_WARNINGS. See online help for details.
                 C:\Program Files (x86)\Microsoft Visual Studio 12.0\VC\include\string.h(204) : 参见“strtok”的声明
     1>smtp_config.c(136): warning C4996: 'stricmp': The POSIX name for this item is deprecated. Instead, use the ISO C++ conformant name: _stricmp. See online help for details.
                 C:\Program Files (x86)\Microsoft Visual Studio 12.0\VC\include\string.h(253) : 参见“stricmp”的声明
     1>smtp_config.c(145): warning C4996: 'stricmp': The POSIX name for this item is deprecated. Instead, use the ISO C++ conformant name: _stricmp. See online help for details.
                 C:\Program Files (x86)\Microsoft Visual Studio 12.0\VC\include\string.h(253) : 参见“stricmp”的声明
     1>smtp_config.c(147): warning C4996: 'strtok': This function or variable may be unsafe. Consider using strtok_s instead. To disable deprecation, use _CRT_SECURE_NO_WARNINGS. See online help for details.
                 C:\Program Files (x86)\Microsoft Visual Studio 12.0\VC\include\string.h(204) : 参见“strtok”的声明
     1>smtp_config.c(152): warning C4996: 'stricmp': The POSIX name for this item is deprecated. Instead, use the ISO C++ conformant name: _stricmp. See online help for details.
                 C:\Program Files (x86)\Microsoft Visual Studio 12.0\VC\include\string.h(253) : 参见“stricmp”的声明
     1>smtp_config.c(156): warning C4996: 'stricmp': The POSIX name for this item is deprecated. Instead, use the ISO C++ conformant name: _stricmp. See online help for details.
                 C:\Program Files (x86)\Microsoft Visual Studio 12.0\VC\include\string.h(253) : 参见“stricmp”的声明
     1>smtp_config.c(165): warning C4996: 'stricmp': The POSIX name for this item is deprecated. Instead, use the ISO C++ conformant name: _stricmp. See online help for details.
                 C:\Program Files (x86)\Microsoft Visual Studio 12.0\VC\include\string.h(253) : 参见“stricmp”的声明
     1>smtp_config.c(169): warning C4996: 'stricmp': The POSIX name for this item is deprecated. Instead, use the ISO C++ conformant name: _stricmp. See online help for details.
                 C:\Program Files (x86)\Microsoft Visual Studio 12.0\VC\include\string.h(253) : 参见“stricmp”的声明
     1>smtp_config.c(173): warning C4996: 'stricmp': The POSIX name for this item is deprecated. Instead, use the ISO C++ conformant name: _stricmp. See online help for details.
                 C:\Program Files (x86)\Microsoft Visual Studio 12.0\VC\include\string.h(253) : 参见“stricmp”的声明
     1>smtp_config.c(177): warning C4996: 'strtok': This function or variable may be unsafe. Consider using strtok_s instead. To disable deprecation, use _CRT_SECURE_NO_WARNINGS. See online help for details.
                 C:\Program Files (x86)\Microsoft Visual Studio 12.0\VC\include\string.h(204) : 参见“strtok”的声明
     1>smtp_config.c(183): warning C4996: 'stricmp': The POSIX name for this item is deprecated. Instead, use the ISO C++ conformant name: _stricmp. See online help for details.
                 C:\Program Files (x86)\Microsoft Visual Studio 12.0\VC\include\string.h(253) : 参见“stricmp”的声明
     1>smtp_config.c(187): warning C4996: 'strtok': This function or variable may be unsafe. Consider using strtok_s instead. To disable deprecation, use _CRT_SECURE_NO_WARNINGS. See online help for details.
                 C:\Program Files (x86)\Microsoft Visual Studio 12.0\VC\include\string.h(204) : 参见“strtok”的声明
     1>smtp_config.c(194): warning C4996: 'stricmp': The POSIX name for this item is deprecated. Instead, use the ISO C++ conformant name: _stricmp. See online help for details.
                 C:\Program Files (x86)\Microsoft Visual Studio 12.0\VC\include\string.h(253) : 参见“stricmp”的声明
     1>smtp_config.c(198): warning C4996: 'strtok': This function or variable may be unsafe. Consider using strtok_s instead. To disable deprecation, use _CRT_SECURE_NO_WARNINGS. See online help for details.
                 C:\Program Files (x86)\Microsoft Visual Studio 12.0\VC\include\string.h(204) : 参见“strtok”的声明
     1>smtp_config.c(204): warning C4996: 'stricmp': The POSIX name for this item is deprecated. Instead, use the ISO C++ conformant name: _stricmp. See online help for details.
                 C:\Program Files (x86)\Microsoft Visual Studio 12.0\VC\include\string.h(253) : 参见“stricmp”的声明
     1>smtp_config.c(208): warning C4996: 'strtok': This function or variable may be unsafe. Consider using strtok_s instead. To disable deprecation, use _CRT_SECURE_NO_WARNINGS. See online help for details.
                 C:\Program Files (x86)\Microsoft Visual Studio 12.0\VC\include\string.h(204) : 参见“strtok”的声明
     1>smtp_config.c(214): warning C4996: 'stricmp': The POSIX name for this item is deprecated. Instead, use the ISO C++ conformant name: _stricmp. See online help for details.
                 C:\Program Files (x86)\Microsoft Visual Studio 12.0\VC\include\string.h(253) : 参见“stricmp”的声明
     1>smtp_config.c(218): warning C4996: 'stricmp': The POSIX name for this item is deprecated. Instead, use the ISO C++ conformant name: _stricmp. See online help for details.
                 C:\Program Files (x86)\Microsoft Visual Studio 12.0\VC\include\string.h(253) : 参见“stricmp”的声明
     1>smtp_config.c(222): warning C4996: 'stricmp': The POSIX name for this item is deprecated. Instead, use the ISO C++ conformant name: _stricmp. See online help for details.
                 C:\Program Files (x86)\Microsoft Visual Studio 12.0\VC\include\string.h(253) : 参见“stricmp”的声明
     1>smtp_config.c(227): warning C4996: 'stricmp': The POSIX name for this item is deprecated. Instead, use the ISO C++ conformant name: _stricmp. See online help for details.
                 C:\Program Files (x86)\Microsoft Visual Studio 12.0\VC\include\string.h(253) : 参见“stricmp”的声明
     1>smtp_config.c(232): warning C4996: 'stricmp': The POSIX name for this item is deprecated. Instead, use the ISO C++ conformant name: _stricmp. See online help for details.
                 C:\Program Files (x86)\Microsoft Visual Studio 12.0\VC\include\string.h(253) : 参见“stricmp”的声明
     1>smtp_config.c(236): warning C4996: 'stricmp': The POSIX name for this item is deprecated. Instead, use the ISO C++ conformant name: _stricmp. See online help for details.
                 C:\Program Files (x86)\Microsoft Visual Studio 12.0\VC\include\string.h(253) : 参见“stricmp”的声明
     1>smtp_config.c(240): warning C4996: 'stricmp': The POSIX name for this item is deprecated. Instead, use the ISO C++ conformant name: _stricmp. See online help for details.
                 C:\Program Files (x86)\Microsoft Visual Studio 12.0\VC\include\string.h(253) : 参见“stricmp”的声明
     1>smtp_config.c(244): warning C4996: 'stricmp': The POSIX name for this item is deprecated. Instead, use the ISO C++ conformant name: _stricmp. See online help for details.
                 C:\Program Files (x86)\Microsoft Visual Studio 12.0\VC\include\string.h(253) : 参见“stricmp”的声明
     1>smtp_config.c(249): warning C4996: 'stricmp': The POSIX name for this item is deprecated. Instead, use the ISO C++ conformant name: _stricmp. See online help for details.
                 C:\Program Files (x86)\Microsoft Visual Studio 12.0\VC\include\string.h(253) : 参见“stricmp”的声明
     1>smtp_config.c(254): warning C4996: 'stricmp': The POSIX name for this item is deprecated. Instead, use the ISO C++ conformant name: _stricmp. See online help for details.
                 C:\Program Files (x86)\Microsoft Visual Studio 12.0\VC\include\string.h(253) : 参见“stricmp”的声明
     1>smtp_config.c(257): warning C4996: 'strtok': This function or variable may be unsafe. Consider using strtok_s instead. To disable deprecation, use _CRT_SECURE_NO_WARNINGS. See online help for details.
                 C:\Program Files (x86)\Microsoft Visual Studio 12.0\VC\include\string.h(204) : 参见“strtok”的声明
     1>smtp_config.c(260): warning C4996: 'stricmp': The POSIX name for this item is deprecated. Instead, use the ISO C++ conformant name: _stricmp. See online help for details.
                 C:\Program Files (x86)\Microsoft Visual Studio 12.0\VC\include\string.h(253) : 参见“stricmp”的声明
     1>smtp_config.c(263): warning C4996: 'strtok': This function or variable may be unsafe. Consider using strtok_s instead. To disable deprecation, use _CRT_SECURE_NO_WARNINGS. See online help for details.
                 C:\Program Files (x86)\Microsoft Visual Studio 12.0\VC\include\string.h(204) : 参见“strtok”的声明
     1>smtp_config.c(266): warning C4996: 'stricmp': The POSIX name for this item is deprecated. Instead, use the ISO C++ conformant name: _stricmp. See online help for details.
                 C:\Program Files (x86)\Microsoft Visual Studio 12.0\VC\include\string.h(253) : 参见“stricmp”的声明
     1>smtp_config.c(273): warning C4996: 'stricmp': The POSIX name for this item is deprecated. Instead, use the ISO C++ conformant name: _stricmp. See online help for details.
                 C:\Program Files (x86)\Microsoft Visual Studio 12.0\VC\include\string.h(253) : 参见“stricmp”的声明
     1>smtp_config.c(280): warning C4996: 'stricmp': The POSIX name for this item is deprecated. Instead, use the ISO C++ conformant name: _stricmp. See online help for details.
                 C:\Program Files (x86)\Microsoft Visual Studio 12.0\VC\include\string.h(253) : 参见“stricmp”的声明
     1>smtp_config.c(284): warning C4996: 'stricmp': The POSIX name for this item is deprecated. Instead, use the ISO C++ conformant name: _stricmp. See online help for details.
                 C:\Program Files (x86)\Microsoft Visual Studio 12.0\VC\include\string.h(253) : 参见“stricmp”的声明
     1>smtp_config.c(288): warning C4996: 'stricmp': The POSIX name for this item is deprecated. Instead, use the ISO C++ conformant name: _stricmp. See online help for details.
                 C:\Program Files (x86)\Microsoft Visual Studio 12.0\VC\include\string.h(253) : 参见“stricmp”的声明
     1>smtp_config.c(292): warning C4996: 'stricmp': The POSIX name for this item is deprecated. Instead, use the ISO C++ conformant name: _stricmp. See online help for details.
                 C:\Program Files (x86)\Microsoft Visual Studio 12.0\VC\include\string.h(253) : 参见“stricmp”的声明
     1>smtp_config.c(296): warning C4996: 'stricmp': The POSIX name for this item is deprecated. Instead, use the ISO C++ conformant name: _stricmp. See online help for details.
                 C:\Program Files (x86)\Microsoft Visual Studio 12.0\VC\include\string.h(253) : 参见“stricmp”的声明
     1>smtp_config.c(300): warning C4996: 'stricmp': The POSIX name for this item is deprecated. Instead, use the ISO C++ conformant name: _stricmp. See online help for details.
                 C:\Program Files (x86)\Microsoft Visual Studio 12.0\VC\include\string.h(253) : 参见“stricmp”的声明
     1>smtp_config.c(304): warning C4996: 'stricmp': The POSIX name for this item is deprecated. Instead, use the ISO C++ conformant name: _stricmp. See online help for details.
                 C:\Program Files (x86)\Microsoft Visual Studio 12.0\VC\include\string.h(253) : 参见“stricmp”的声明
     1>smtp_config.c(309): warning C4996: 'stricmp': The POSIX name for this item is deprecated. Instead, use the ISO C++ conformant name: _stricmp. See online help for details.
                 C:\Program Files (x86)\Microsoft Visual Studio 12.0\VC\include\string.h(253) : 参见“stricmp”的声明
     1>smtp_config.c(342): warning C4996: 'strtok': This function or variable may be unsafe. Consider using strtok_s instead. To disable deprecation, use _CRT_SECURE_NO_WARNINGS. See online help for details.
                 C:\Program Files (x86)\Microsoft Visual Studio 12.0\VC\include\string.h(204) : 参见“strtok”的声明
     1>smtp_config.c(443): warning C4996: '_snprintf': This function or variable may be unsafe. Consider using _snprintf_s instead. To disable deprecation, use _CRT_SECURE_NO_WARNINGS. See online help for details.
                 C:\Program Files (x86)\Microsoft Visual Studio 12.0\VC\include\stdio.h(346) : 参见“_snprintf”的声明
     1>smtp_config.c(458): warning C4996: '_snprintf': This function or variable may be unsafe. Consider using _snprintf_s instead. To disable deprecation, use _CRT_SECURE_NO_WARNINGS. See online help for details.
                 C:\Program Files (x86)\Microsoft Visual Studio 12.0\VC\include\stdio.h(346) : 参见“_snprintf”的声明
     1>smtp_config.c(498): warning C4996: '_snprintf': This function or variable may be unsafe. Consider using _snprintf_s instead. To disable deprecation, use _CRT_SECURE_NO_WARNINGS. See online help for details.
                 C:\Program Files (x86)\Microsoft Visual Studio 12.0\VC\include\stdio.h(346) : 参见“_snprintf”的声明
     1>smtp_config.c(506): warning C4996: '_snprintf': This function or variable may be unsafe. Consider using _snprintf_s instead. To disable deprecation, use _CRT_SECURE_NO_WARNINGS. See online help for details.
                 C:\Program Files (x86)\Microsoft Visual Studio 12.0\VC\include\stdio.h(346) : 参见“_snprintf”的声明
     1>smtp_config.c(518): warning C4996: '_snprintf': This function or variable may be unsafe. Consider using _snprintf_s instead. To disable deprecation, use _CRT_SECURE_NO_WARNINGS. See online help for details.
                 C:\Program Files (x86)\Microsoft Visual Studio 12.0\VC\include\stdio.h(346) : 参见“_snprintf”的声明
     1>smtp_config.c(529): warning C4996: '_snprintf': This function or variable may be unsafe. Consider using _snprintf_s instead. To disable deprecation, use _CRT_SECURE_NO_WARNINGS. See online help for details.
                 C:\Program Files (x86)\Microsoft Visual Studio 12.0\VC\include\stdio.h(346) : 参见“_snprintf”的声明
     1>smtp_config.c(546): warning C4996: '_snprintf': This function or variable may be unsafe. Consider using _snprintf_s instead. To disable deprecation, use _CRT_SECURE_NO_WARNINGS. See online help for details.
                 C:\Program Files (x86)\Microsoft Visual Studio 12.0\VC\include\stdio.h(346) : 参见“_snprintf”的声明
     1>smtp_config.c(553): warning C4996: '_snprintf': This function or variable may be unsafe. Consider using _snprintf_s instead. To disable deprecation, use _CRT_SECURE_NO_WARNINGS. See online help for details.
                 C:\Program Files (x86)\Microsoft Visual Studio 12.0\VC\include\stdio.h(346) : 参见“_snprintf”的声明
     1>smtp_config.c(573): warning C4996: '_snprintf': This function or variable may be unsafe. Consider using _snprintf_s instead. To disable deprecation, use _CRT_SECURE_NO_WARNINGS. See online help for details.
                 C:\Program Files (x86)\Microsoft Visual Studio 12.0\VC\include\stdio.h(346) : 参见“_snprintf”的声明
     1>smtp_config.c(715): warning C4996: '_snprintf': This function or variable may be unsafe. Consider using _snprintf_s instead. To disable deprecation, use _CRT_SECURE_NO_WARNINGS. See online help for details.
                 C:\Program Files (x86)\Microsoft Visual Studio 12.0\VC\include\stdio.h(346) : 参见“_snprintf”的声明
     1>smtp_config.c(719): warning C4996: 'strtok': This function or variable may be unsafe. Consider using strtok_s instead. To disable deprecation, use _CRT_SECURE_NO_WARNINGS. See online help for details.
                 C:\Program Files (x86)\Microsoft Visual Studio 12.0\VC\include\string.h(204) : 参见“strtok”的声明
     1>smtp_config.c(722): warning C4996: '_snprintf': This function or variable may be unsafe. Consider using _snprintf_s instead. To disable deprecation, use _CRT_SECURE_NO_WARNINGS. See online help for details.
                 C:\Program Files (x86)\Microsoft Visual Studio 12.0\VC\include\stdio.h(346) : 参见“_snprintf”的声明
     1>smtp_config.c(729): warning C4996: '_snprintf': This function or variable may be unsafe. Consider using _snprintf_s instead. To disable deprecation, use _CRT_SECURE_NO_WARNINGS. See online help for details.
                 C:\Program Files (x86)\Microsoft Visual Studio 12.0\VC\include\stdio.h(346) : 参见“_snprintf”的声明
     1>smtp_config.c(738): warning C4996: 'strtok': This function or variable may be unsafe. Consider using strtok_s instead. To disable deprecation, use _CRT_SECURE_NO_WARNINGS. See online help for details.
                 C:\Program Files (x86)\Microsoft Visual Studio 12.0\VC\include\string.h(204) : 参见“strtok”的声明
     1>smtp_config.c(754): warning C4996: '_snprintf': This function or variable may be unsafe. Consider using _snprintf_s instead. To disable deprecation, use _CRT_SECURE_NO_WARNINGS. See online help for details.
                 C:\Program Files (x86)\Microsoft Visual Studio 12.0\VC\include\stdio.h(346) : 参见“_snprintf”的声明
     1>smtp_config.c(762): warning C4996: '_snprintf': This function or variable may be unsafe. Consider using _snprintf_s instead. To disable deprecation, use _CRT_SECURE_NO_WARNINGS. See online help for details.
                 C:\Program Files (x86)\Microsoft Visual Studio 12.0\VC\include\stdio.h(346) : 参见“_snprintf”的声明
     1>smtp_config.c(775): warning C4996: '_snprintf': This function or variable may be unsafe. Consider using _snprintf_s instead. To disable deprecation, use _CRT_SECURE_NO_WARNINGS. See online help for details.
                 C:\Program Files (x86)\Microsoft Visual Studio 12.0\VC\include\stdio.h(346) : 参见“_snprintf”的声明
     1>smtp_config.c(782): warning C4996: '_snprintf': This function or variable may be unsafe. Consider using _snprintf_s instead. To disable deprecation, use _CRT_SECURE_NO_WARNINGS. See online help for details.
                 C:\Program Files (x86)\Microsoft Visual Studio 12.0\VC\include\stdio.h(346) : 参见“_snprintf”的声明
     1>smtp_config.c(817): warning C4996: '_snprintf': This function or variable may be unsafe. Consider using _snprintf_s instead. To disable deprecation, use _CRT_SECURE_NO_WARNINGS. See online help for details.
                 C:\Program Files (x86)\Microsoft Visual Studio 12.0\VC\include\stdio.h(346) : 参见“_snprintf”的声明
     1>smtp_config.c(821): warning C4996: 'strtok': This function or variable may be unsafe. Consider using strtok_s instead. To disable deprecation, use _CRT_SECURE_NO_WARNINGS. See online help for details.
                 C:\Program Files (x86)\Microsoft Visual Studio 12.0\VC\include\string.h(204) : 参见“strtok”的声明
     1>smtp_config.c(824): warning C4996: '_snprintf': This function or variable may be unsafe. Consider using _snprintf_s instead. To disable deprecation, use _CRT_SECURE_NO_WARNINGS. See online help for details.
                 C:\Program Files (x86)\Microsoft Visual Studio 12.0\VC\include\stdio.h(346) : 参见“_snprintf”的声明
     1>smtp_config.c(832): warning C4996: '_snprintf': This function or variable may be unsafe. Consider using _snprintf_s instead. To disable deprecation, use _CRT_SECURE_NO_WARNINGS. See online help for details.
                 C:\Program Files (x86)\Microsoft Visual Studio 12.0\VC\include\stdio.h(346) : 参见“_snprintf”的声明
     1>smtp_config.c(837): warning C4996: 'strtok': This function or variable may be unsafe. Consider using strtok_s instead. To disable deprecation, use _CRT_SECURE_NO_WARNINGS. See online help for details.
                 C:\Program Files (x86)\Microsoft Visual Studio 12.0\VC\include\string.h(204) : 参见“strtok”的声明
     1>smtp_config.c(867): warning C4996: '_snprintf': This function or variable may be unsafe. Consider using _snprintf_s instead. To disable deprecation, use _CRT_SECURE_NO_WARNINGS. See online help for details.
                 C:\Program Files (x86)\Microsoft Visual Studio 12.0\VC\include\stdio.h(346) : 参见“_snprintf”的声明
     1>smtp_config.c(882): warning C4996: 'stricmp': The POSIX name for this item is deprecated. Instead, use the ISO C++ conformant name: _stricmp. See online help for details.
                 C:\Program Files (x86)\Microsoft Visual Studio 12.0\VC\include\string.h(253) : 参见“stricmp”的声明
     1>smtp_config.c(960): warning C4996: 'strdup': The POSIX name for this item is deprecated. Instead, use the ISO C++ conformant name: _strdup. See online help for details.
                 C:\Program Files (x86)\Microsoft Visual Studio 12.0\VC\include\string.h(245) : 参见“strdup”的声明
     1>smtp_config.c(998): warning C4996: '_snprintf': This function or variable may be unsafe. Consider using _snprintf_s instead. To disable deprecation, use _CRT_SECURE_NO_WARNINGS. See online help for details.
                 C:\Program Files (x86)\Microsoft Visual Studio 12.0\VC\include\stdio.h(346) : 参见“_snprintf”的声明
     1>smtp_config.c(1002): warning C4996: 'strtok': This function or variable may be unsafe. Consider using strtok_s instead. To disable deprecation, use _CRT_SECURE_NO_WARNINGS. See online help for details.
                 C:\Program Files (x86)\Microsoft Visual Studio 12.0\VC\include\string.h(204) : 参见“strtok”的声明
     1>smtp_config.c(1006): warning C4996: '_snprintf': This function or variable may be unsafe. Consider using _snprintf_s instead. To disable deprecation, use _CRT_SECURE_NO_WARNINGS. See online help for details.
                 C:\Program Files (x86)\Microsoft Visual Studio 12.0\VC\include\stdio.h(346) : 参见“_snprintf”的声明
     1>smtp_config.c(1014): warning C4996: '_snprintf': This function or variable may be unsafe. Consider using _snprintf_s instead. To disable deprecation, use _CRT_SECURE_NO_WARNINGS. See online help for details.
                 C:\Program Files (x86)\Microsoft Visual Studio 12.0\VC\include\stdio.h(346) : 参见“_snprintf”的声明
     1>smtp_config.c(1023): warning C4996: '_snprintf': This function or variable may be unsafe. Consider using _snprintf_s instead. To disable deprecation, use _CRT_SECURE_NO_WARNINGS. See online help for details.
                 C:\Program Files (x86)\Microsoft Visual Studio 12.0\VC\include\stdio.h(346) : 参见“_snprintf”的声明
     1>smtp_config.c(1046): warning C4996: '_snprintf': This function or variable may be unsafe. Consider using _snprintf_s instead. To disable deprecation, use _CRT_SECURE_NO_WARNINGS. See online help for details.
                 C:\Program Files (x86)\Microsoft Visual Studio 12.0\VC\include\stdio.h(346) : 参见“_snprintf”的声明
     1>smtp_config.c(1050): warning C4996: 'strtok': This function or variable may be unsafe. Consider using strtok_s instead. To disable deprecation, use _CRT_SECURE_NO_WARNINGS. See online help for details.
                 C:\Program Files (x86)\Microsoft Visual Studio 12.0\VC\include\string.h(204) : 参见“strtok”的声明
     1>smtp_config.c(1054): warning C4996: '_snprintf': This function or variable may be unsafe. Consider using _snprintf_s instead. To disable deprecation, use _CRT_SECURE_NO_WARNINGS. See online help for details.
                 C:\Program Files (x86)\Microsoft Visual Studio 12.0\VC\include\stdio.h(346) : 参见“_snprintf”的声明
     1>smtp_config.c(1063): warning C4996: '_snprintf': This function or variable may be unsafe. Consider using _snprintf_s instead. To disable deprecation, use _CRT_SECURE_NO_WARNINGS. See online help for details.
                 C:\Program Files (x86)\Microsoft Visual Studio 12.0\VC\include\stdio.h(346) : 参见“_snprintf”的声明
     1>smtp_config.c(1072): warning C4996: '_snprintf': This function or variable may be unsafe. Consider using _snprintf_s instead. To disable deprecation, use _CRT_SECURE_NO_WARNINGS. See online help for details.
                 C:\Program Files (x86)\Microsoft Visual Studio 12.0\VC\include\stdio.h(346) : 参见“_snprintf”的声明
     1>smtp_config.c(1126): warning C4996: '_snprintf': This function or variable may be unsafe. Consider using _snprintf_s instead. To disable deprecation, use _CRT_SECURE_NO_WARNINGS. See online help for details.
                 C:\Program Files (x86)\Microsoft Visual Studio 12.0\VC\include\stdio.h(346) : 参见“_snprintf”的声明
     1>smtp_config.c(1131): warning C4996: 'strtok': This function or variable may be unsafe. Consider using strtok_s instead. To disable deprecation, use _CRT_SECURE_NO_WARNINGS. See online help for details.
                 C:\Program Files (x86)\Microsoft Visual Studio 12.0\VC\include\string.h(204) : 参见“strtok”的声明
     1>smtp_config.c(1135): warning C4996: '_snprintf': This function or variable may be unsafe. Consider using _snprintf_s instead. To disable deprecation, use _CRT_SECURE_NO_WARNINGS. See online help for details.
                 C:\Program Files (x86)\Microsoft Visual Studio 12.0\VC\include\stdio.h(346) : 参见“_snprintf”的声明
     1>smtp_config.c(1140): warning C4996: 'strtok': This function or variable may be unsafe. Consider using strtok_s instead. To disable deprecation, use _CRT_SECURE_NO_WARNINGS. See online help for details.
                 C:\Program Files (x86)\Microsoft Visual Studio 12.0\VC\include\string.h(204) : 参见“strtok”的声明
     1>smtp_config.c(1144): warning C4996: '_snprintf': This function or variable may be unsafe. Consider using _snprintf_s instead. To disable deprecation, use _CRT_SECURE_NO_WARNINGS. See online help for details.
                 C:\Program Files (x86)\Microsoft Visual Studio 12.0\VC\include\stdio.h(346) : 参见“_snprintf”的声明
     1>smtp_config.c(1153): warning C4996: '_snprintf': This function or variable may be unsafe. Consider using _snprintf_s instead. To disable deprecation, use _CRT_SECURE_NO_WARNINGS. See online help for details.
                 C:\Program Files (x86)\Microsoft Visual Studio 12.0\VC\include\stdio.h(346) : 参见“_snprintf”的声明
     1>smtp_config.c(1162): warning C4996: '_snprintf': This function or variable may be unsafe. Consider using _snprintf_s instead. To disable deprecation, use _CRT_SECURE_NO_WARNINGS. See online help for details.
                 C:\Program Files (x86)\Microsoft Visual Studio 12.0\VC\include\stdio.h(346) : 参见“_snprintf”的声明
     1>smtp_config.c(1167): warning C4996: 'strtok': This function or variable may be unsafe. Consider using strtok_s instead. To disable deprecation, use _CRT_SECURE_NO_WARNINGS. See online help for details.
                 C:\Program Files (x86)\Microsoft Visual Studio 12.0\VC\include\string.h(204) : 参见“strtok”的声明
     1>smtp_config.c(1183): warning C4996: '_snprintf': This function or variable may be unsafe. Consider using _snprintf_s instead. To disable deprecation, use _CRT_SECURE_NO_WARNINGS. See online help for details.
                 C:\Program Files (x86)\Microsoft Visual Studio 12.0\VC\include\stdio.h(346) : 参见“_snprintf”的声明
     1>smtp_config.c(1216): warning C4996: '_snprintf': This function or variable may be unsafe. Consider using _snprintf_s instead. To disable deprecation, use _CRT_SECURE_NO_WARNINGS. See online help for details.
                 C:\Program Files (x86)\Microsoft Visual Studio 12.0\VC\include\stdio.h(346) : 参见“_snprintf”的声明
     1>smtp_config.c(1220): warning C4996: 'strtok': This function or variable may be unsafe. Consider using strtok_s instead. To disable deprecation, use _CRT_SECURE_NO_WARNINGS. See online help for details.
                 C:\Program Files (x86)\Microsoft Visual Studio 12.0\VC\include\string.h(204) : 参见“strtok”的声明
     1>smtp_config.c(1224): warning C4996: '_snprintf': This function or variable may be unsafe. Consider using _snprintf_s instead. To disable deprecation, use _CRT_SECURE_NO_WARNINGS. See online help for details.
                 C:\Program Files (x86)\Microsoft Visual Studio 12.0\VC\include\stdio.h(346) : 参见“_snprintf”的声明
     1>smtp_config.c(1233): warning C4996: '_snprintf': This function or variable may be unsafe. Consider using _snprintf_s instead. To disable deprecation, use _CRT_SECURE_NO_WARNINGS. See online help for details.
                 C:\Program Files (x86)\Microsoft Visual Studio 12.0\VC\include\stdio.h(346) : 参见“_snprintf”的声明
     1>smtp_config.c(1238): warning C4996: 'strtok': This function or variable may be unsafe. Consider using strtok_s instead. To disable deprecation, use _CRT_SECURE_NO_WARNINGS. See online help for details.
                 C:\Program Files (x86)\Microsoft Visual Studio 12.0\VC\include\string.h(204) : 参见“strtok”的声明
     1>smtp_config.c(1246): warning C4996: 'stricmp': The POSIX name for this item is deprecated. Instead, use the ISO C++ conformant name: _stricmp. See online help for details.
                 C:\Program Files (x86)\Microsoft Visual Studio 12.0\VC\include\string.h(253) : 参见“stricmp”的声明
     1>smtp_config.c(1251): warning C4996: 'stricmp': The POSIX name for this item is deprecated. Instead, use the ISO C++ conformant name: _stricmp. See online help for details.
                 C:\Program Files (x86)\Microsoft Visual Studio 12.0\VC\include\string.h(253) : 参见“stricmp”的声明
     1>smtp_config.c(1256): warning C4996: 'stricmp': The POSIX name for this item is deprecated. Instead, use the ISO C++ conformant name: _stricmp. See online help for details.
                 C:\Program Files (x86)\Microsoft Visual Studio 12.0\VC\include\string.h(253) : 参见“stricmp”的声明
     1>smtp_config.c(1261): warning C4996: '_snprintf': This function or variable may be unsafe. Consider using _snprintf_s instead. To disable deprecation, use _CRT_SECURE_NO_WARNINGS. See online help for details.
                 C:\Program Files (x86)\Microsoft Visual Studio 12.0\VC\include\stdio.h(346) : 参见“_snprintf”的声明
     1>smtp_config.c(1273): warning C4996: '_snprintf': This function or variable may be unsafe. Consider using _snprintf_s instead. To disable deprecation, use _CRT_SECURE_NO_WARNINGS. See online help for details.
                 C:\Program Files (x86)\Microsoft Visual Studio 12.0\VC\include\stdio.h(346) : 参见“_snprintf”的声明
         smtp_log.c
     1>c:\users\first\desktop\new\snort-2.9.11.1\src\dynamic-preprocessors\include\snort_bounds.h(241): warning C4996: 'vsnprintf': This function or variable may be unsafe. Consider using vsnprintf_s instead. To disable deprecation, use _CRT_SECURE_NO_WARNINGS. See online help for details.
                 C:\Program Files (x86)\Microsoft Visual Studio 12.0\VC\include\stdio.h(337) : 参见“vsnprintf”的声明
     1>smtp_log.c(98): warning C4996: 'vsnprintf': This function or variable may be unsafe. Consider using vsnprintf_s instead. To disable deprecation, use _CRT_SECURE_NO_WARNINGS. See online help for details.
                 C:\Program Files (x86)\Microsoft Visual Studio 12.0\VC\include\stdio.h(337) : 参见“vsnprintf”的声明
         smtp_normalize.c
     1>c:\users\first\desktop\new\snort-2.9.11.1\src\dynamic-preprocessors\include\snort_bounds.h(241): warning C4996: 'vsnprintf': This function or variable may be unsafe. Consider using vsnprintf_s instead. To disable deprecation, use _CRT_SECURE_NO_WARNINGS. See online help for details.
                 C:\Program Files (x86)\Microsoft Visual Studio 12.0\VC\include\stdio.h(337) : 参见“vsnprintf”的声明
         smtp_paf.c
     1>c:\users\first\desktop\new\snort-2.9.11.1\src\dynamic-preprocessors\include\snort_bounds.h(241): warning C4996: 'vsnprintf': This function or variable may be unsafe. Consider using vsnprintf_s instead. To disable deprecation, use _CRT_SECURE_NO_WARNINGS. See online help for details.
                 C:\Program Files (x86)\Microsoft Visual Studio 12.0\VC\include\stdio.h(337) : 参见“vsnprintf”的声明
     1>smtp_paf.c(349): warning C4018: “>”: 有符号/无符号不匹配
         smtp_util.c
     1>C:\Users\first\Desktop\new\snort-2.9.11.1\src\dynamic-preprocessors\include\snort_bounds.h(241): warning C4996: 'vsnprintf': This function or variable may be unsafe. Consider using vsnprintf_s instead. To disable deprecation, use _CRT_SECURE_NO_WARNINGS. See online help for details.
                 C:\Program Files (x86)\Microsoft Visual Studio 12.0\VC\include\stdio.h(337) : 参见“vsnprintf”的声明
         smtp_xlink2state.c
     1>c:\users\first\desktop\new\snort-2.9.11.1\src\dynamic-preprocessors\include\snort_bounds.h(241): warning C4996: 'vsnprintf': This function or variable may be unsafe. Consider using vsnprintf_s instead. To disable deprecation, use _CRT_SECURE_NO_WARNINGS. See online help for details.
                 C:\Program Files (x86)\Microsoft Visual Studio 12.0\VC\include\stdio.h(337) : 参见“vsnprintf”的声明
     1>smtp_xlink2state.c(153): warning C4996: 'strnicmp': The POSIX name for this item is deprecated. Instead, use the ISO C++ conformant name: _strnicmp. See online help for details.
                 C:\Program Files (x86)\Microsoft Visual Studio 12.0\VC\include\string.h(255) : 参见“strnicmp”的声明
     1>smtp_xlink2state.c(157): warning C4996: 'strnicmp': The POSIX name for this item is deprecated. Instead, use the ISO C++ conformant name: _strnicmp. See online help for details.
                 C:\Program Files (x86)\Microsoft Visual Studio 12.0\VC\include\string.h(255) : 参见“strnicmp”的声明
     1>smtp_xlink2state.c(283): warning C4996: '_snprintf': This function or variable may be unsafe. Consider using _snprintf_s instead. To disable deprecation, use _CRT_SECURE_NO_WARNINGS. See online help for details.
                 C:\Program Files (x86)\Microsoft Visual Studio 12.0\VC\include\stdio.h(346) : 参见“_snprintf”的声明
         snort_smtp.c
     1>c:\users\first\desktop\new\snort-2.9.11.1\src\dynamic-preprocessors\include\snort_bounds.h(241): warning C4996: 'vsnprintf': This function or variable may be unsafe. Consider using vsnprintf_s instead. To disable deprecation, use _CRT_SECURE_NO_WARNINGS. See online help for details.
                 C:\Program Files (x86)\Microsoft Visual Studio 12.0\VC\include\stdio.h(337) : 参见“vsnprintf”的声明
     1>snort_smtp.c(267): warning C4996: 'strdup': The POSIX name for this item is deprecated. Instead, use the ISO C++ conformant name: _strdup. See online help for details.
                 C:\Program Files (x86)\Microsoft Visual Studio 12.0\VC\include\string.h(245) : 参见“strdup”的声明
     1>snort_smtp.c(856): warning C4244: “函数”: 从“uint64_t”转换到“int”，可能丢失数据
     1>snort_smtp.c(1078): warning C4996: 'strnicmp': The POSIX name for this item is deprecated. Instead, use the ISO C++ conformant name: _strnicmp. See online help for details.
                 C:\Program Files (x86)\Microsoft Visual Studio 12.0\VC\include\string.h(255) : 参见“strnicmp”的声明
     1>snort_smtp.c(1408): warning C4244: “函数”: 从“uint64_t”转换到“int”，可能丢失数据
         spp_smtp.c
     1>c:\users\first\desktop\new\snort-2.9.11.1\src\dynamic-preprocessors\include\snort_bounds.h(241): warning C4996: 'vsnprintf': This function or variable may be unsafe. Consider using vsnprintf_s instead. To disable deprecation, use _CRT_SECURE_NO_WARNINGS. See online help for details.
                 C:\Program Files (x86)\Microsoft Visual Studio 12.0\VC\include\stdio.h(337) : 参见“vsnprintf”的声明
         正在生成代码...
       Link:
         C:\Program Files (x86)\Microsoft Visual Studio 12.0\VC\bin\link.exe /ERRORREPORT:PROMPT /OUT:".\Release\sf_smtp.dll" /INCREMENTAL:NO /NOLOGO /LIBPATH:"../../../src/win32/WIN32-Libraries" pcre.lib ws2_32.lib ../libs/Release/sfdynamic_preproc_libs.lib /MANIFEST /MANIFESTUAC:"level='asInvoker' uiAccess='false'" /manifest:embed /manifestinput:"C:\Program Files (x86)\Microsoft Visual Studio 12.0\VC\Include\Manifest\dpiaware.manifest" /PDB:".\Release\sf_smtp.pdb" /SUBSYSTEM:CONSOLE /TLBID:1 /DYNAMICBASE /NXCOMPAT /IMPLIB:".\Release\sf_smtp.lib" /MACHINE:X86 /SAFESEH /DLL .\Release\mempool.obj
         .\Release\sfPolicyUserData.obj
         .\Release\sf_base64decode.obj
         .\Release\sf_dynamic_preproc_lib.obj
         .\Release\sf_email_attach_decode.obj
         .\Release\sf_sdlist.obj
         .\Release\util_unfold.obj
         .\Release\sfparser.obj
         .\Release\ssl.obj
         .\Release\ssl_config.obj
         .\Release\ssl_ha.obj
         .\Release\ssl_inspect.obj
         .\Release\smtp_config.obj
         .\Release\smtp_log.obj
         .\Release\smtp_normalize.obj
         .\Release\smtp_paf.obj
         .\Release\smtp_util.obj
         .\Release\smtp_xlink2state.obj
         .\Release\snort_smtp.obj
         .\Release\spp_smtp.obj
         "C:\Users\first\Desktop\new\snort-2.9.11.1\src\dynamic-preprocessors\libs\Release\sfdynamic_preproc_libs.lib"
            正在创建库 .\Release\sf_smtp.lib 和对象 .\Release\sf_smtp.exp
         sf_smtp.vcxproj -> C:\Users\first\Desktop\new\snort-2.9.11.1\src\dynamic-preprocessors\smtp\.\Release\sf_smtp.dll
     1>已完成生成项目“C:\Users\first\Desktop\new\snort-2.9.11.1\src\dynamic-preprocessors\smtp\sf_smtp.vcxproj”(Build 个目标)的操作。

生成成功。

已用时间 00:00:08.15
