生成启动时间为 2018/1/30 15:44:44。
     1>项目“C:\Users\first\Desktop\new\snort-2.9.11.1\src\dynamic-preprocessors\gtp\sf_gtp.vcxproj”在节点 2 上(Build 个目标)。
     1>ClCompile:
         C:\Program Files (x86)\Microsoft Visual Studio 12.0\VC\bin\CL.exe /c /I..\libs /I..\include /I"..\..\win32\Win32-Includes" /I.\ /I"..\..\win32\Win32-Includes\WinPCAP" /I..\..\..\daq\api /I..\..\..\daq\sfbpf /Zi /nologo /W3 /WX- /O2 /Oy- /D NDEBUG /D ENABLE_PAF /D SF_SNORT_PREPROC_DLL /D _WINDOWS /D _USRDLL /D ACTIVE_RESPONSE /D GRE /D MPLS /D TARGET_BASED /D PERF_PROFILING /D ENABLE_RESPOND /D ENABLE_REACT /D WIN32 /D HAVE_CONFIG_H /D SIGNAL_SNORT_READ_ATTR_TBL=30 /D _VC80_UPGRADE=0x0600 /D _WINDLL /D _MBCS /D _AFXDLL /GF /Gm- /EHsc /MD /GS /Gy /fp:precise /Zc:wchar_t /Zc:forScope /Fo".\Release\\" /Fd".\Release\vc120.pdb" /Gd /TC /analyze- /errorReport:prompt ..\include\sfPolicyUserData.c ..\include\sf_dynamic_preproc_lib.c gtp_config.c gtp_parser.c gtp_roptions.c spp_gtp.c
         sfPolicyUserData.c
         sf_dynamic_preproc_lib.c
     1>..\include\sf_dynamic_preproc_lib.c(49): warning C4996: 'vsnprintf': This function or variable may be unsafe. Consider using vsnprintf_s instead. To disable deprecation, use _CRT_SECURE_NO_WARNINGS. See online help for details.
                 C:\Program Files (x86)\Microsoft Visual Studio 12.0\VC\include\stdio.h(337) : 参见“vsnprintf”的声明
     1>..\include\sf_dynamic_preproc_lib.c(87): warning C4996: 'strncpy': This function or variable may be unsafe. Consider using strncpy_s instead. To disable deprecation, use _CRT_SECURE_NO_WARNINGS. See online help for details.
                 C:\Program Files (x86)\Microsoft Visual Studio 12.0\VC\include\string.h(195) : 参见“strncpy”的声明
         gtp_config.c
     1>C:\Users\first\Desktop\new\snort-2.9.11.1\src\dynamic-preprocessors\include\snort_bounds.h(241): warning C4996: 'vsnprintf': This function or variable may be unsafe. Consider using vsnprintf_s instead. To disable deprecation, use _CRT_SECURE_NO_WARNINGS. See online help for details.
                 C:\Program Files (x86)\Microsoft Visual Studio 12.0\VC\include\stdio.h(337) : 参见“vsnprintf”的声明
     1>gtp_config.c(780): warning C4996: 'strtok': This function or variable may be unsafe. Consider using strtok_s instead. To disable deprecation, use _CRT_SECURE_NO_WARNINGS. See online help for details.
                 C:\Program Files (x86)\Microsoft Visual Studio 12.0\VC\include\string.h(204) : 参见“strtok”的声明
     1>gtp_config.c(791): warning C4996: 'strtok': This function or variable may be unsafe. Consider using strtok_s instead. To disable deprecation, use _CRT_SECURE_NO_WARNINGS. See online help for details.
                 C:\Program Files (x86)\Microsoft Visual Studio 12.0\VC\include\string.h(204) : 参见“strtok”的声明
     1>gtp_config.c(823): warning C4996: 'strtok': This function or variable may be unsafe. Consider using strtok_s instead. To disable deprecation, use _CRT_SECURE_NO_WARNINGS. See online help for details.
                 C:\Program Files (x86)\Microsoft Visual Studio 12.0\VC\include\string.h(204) : 参见“strtok”的声明
     1>gtp_config.c(871): warning C4996: 'strdup': The POSIX name for this item is deprecated. Instead, use the ISO C++ conformant name: _strdup. See online help for details.
                 C:\Program Files (x86)\Microsoft Visual Studio 12.0\VC\include\string.h(245) : 参见“strdup”的声明
     1>gtp_config.c(888): warning C4996: 'strtok': This function or variable may be unsafe. Consider using strtok_s instead. To disable deprecation, use _CRT_SECURE_NO_WARNINGS. See online help for details.
                 C:\Program Files (x86)\Microsoft Visual Studio 12.0\VC\include\string.h(204) : 参见“strtok”的声明
     1>gtp_config.c(910): warning C4996: 'strtok': This function or variable may be unsafe. Consider using strtok_s instead. To disable deprecation, use _CRT_SECURE_NO_WARNINGS. See online help for details.
                 C:\Program Files (x86)\Microsoft Visual Studio 12.0\VC\include\string.h(204) : 参见“strtok”的声明
         gtp_parser.c
     1>gtp_parser.c : warning C4819: 该文件包含不能在当前代码页(936)中表示的字符。请将该文件保存为 Unicode 格式以防止数据丢失
     1>C:\Users\first\Desktop\new\snort-2.9.11.1\src\dynamic-preprocessors\include\snort_bounds.h(241): warning C4996: 'vsnprintf': This function or variable may be unsafe. Consider using vsnprintf_s instead. To disable deprecation, use _CRT_SECURE_NO_WARNINGS. See online help for details.
                 C:\Program Files (x86)\Microsoft Visual Studio 12.0\VC\include\stdio.h(337) : 参见“vsnprintf”的声明
         gtp_roptions.c
     1>C:\Users\first\Desktop\new\snort-2.9.11.1\src\dynamic-preprocessors\include\snort_bounds.h(241): warning C4996: 'vsnprintf': This function or variable may be unsafe. Consider using vsnprintf_s instead. To disable deprecation, use _CRT_SECURE_NO_WARNINGS. See online help for details.
                 C:\Program Files (x86)\Microsoft Visual Studio 12.0\VC\include\stdio.h(337) : 参见“vsnprintf”的声明
     1>gtp_roptions.c(141): warning C4996: 'stricmp': The POSIX name for this item is deprecated. Instead, use the ISO C++ conformant name: _stricmp. See online help for details.
                 C:\Program Files (x86)\Microsoft Visual Studio 12.0\VC\include\string.h(253) : 参见“stricmp”的声明
     1>gtp_roptions.c(301): warning C4996: 'stricmp': The POSIX name for this item is deprecated. Instead, use the ISO C++ conformant name: _stricmp. See online help for details.
                 C:\Program Files (x86)\Microsoft Visual Studio 12.0\VC\include\string.h(253) : 参见“stricmp”的声明
     1>gtp_roptions.c(425): warning C4996: 'stricmp': The POSIX name for this item is deprecated. Instead, use the ISO C++ conformant name: _stricmp. See online help for details.
                 C:\Program Files (x86)\Microsoft Visual Studio 12.0\VC\include\string.h(253) : 参见“stricmp”的声明
         spp_gtp.c
     1>C:\Users\first\Desktop\new\snort-2.9.11.1\src\dynamic-preprocessors\include\snort_bounds.h(241): warning C4996: 'vsnprintf': This function or variable may be unsafe. Consider using vsnprintf_s instead. To disable deprecation, use _CRT_SECURE_NO_WARNINGS. See online help for details.
                 C:\Program Files (x86)\Microsoft Visual Studio 12.0\VC\include\stdio.h(337) : 参见“vsnprintf”的声明
         正在生成代码...
       Link:
         C:\Program Files (x86)\Microsoft Visual Studio 12.0\VC\bin\link.exe /ERRORREPORT:PROMPT /OUT:".\Release\sf_gtp.dll" /INCREMENTAL:NO /NOLOGO ws2_32.lib /MANIFEST /MANIFESTUAC:"level='asInvoker' uiAccess='false'" /manifest:embed /manifestinput:"C:\Program Files (x86)\Microsoft Visual Studio 12.0\VC\Include\Manifest\dpiaware.manifest" /PDB:".\Release\sf_gtp.pdb" /SUBSYSTEM:CONSOLE /TLBID:1 /DYNAMICBASE /NXCOMPAT /IMPLIB:".\Release\sf_gtp.lib" /MACHINE:X86 /SAFESEH /DLL .\Release\inet_aton.obj
         .\Release\inet_pton.obj
         .\Release\sfPolicyUserData.obj
         .\Release\sf_dynamic_preproc_lib.obj
         .\Release\sf_ip.obj
         .\Release\strtok_r.obj
         .\Release\gtp_config.obj
         .\Release\gtp_parser.obj
         .\Release\gtp_roptions.obj
         .\Release\spp_gtp.obj
            正在创建库 .\Release\sf_gtp.lib 和对象 .\Release\sf_gtp.exp
         sf_gtp.vcxproj -> C:\Users\first\Desktop\new\snort-2.9.11.1\src\dynamic-preprocessors\gtp\.\Release\sf_gtp.dll
     1>已完成生成项目“C:\Users\first\Desktop\new\snort-2.9.11.1\src\dynamic-preprocessors\gtp\sf_gtp.vcxproj”(Build 个目标)的操作。

生成成功。

已用时间 00:00:04.20
